<?xml version="1.0" encoding="UTF-8"?>
<testng-results ignored="0" total="1" passed="1" failed="0" skipped="0">
  <reporter-output>
  </reporter-output>
  <suite started-at="2024-02-12T15:15:02 IST" name="Suite" finished-at="2024-02-12T15:15:14 IST" duration-ms="11204">
    <groups>
    </groups>
    <test started-at="2024-02-12T15:15:02 IST" name="Test" finished-at="2024-02-12T15:15:14 IST" duration-ms="11204">
      <class name="test.TC003_Positive_SignIn_Test">
        <test-method is-config="true" signature="setup()[pri:0, instance:test.TC003_Positive_SignIn_Test@b2c9a9c]" started-at="2024-02-12T15:15:02 IST" name="setup" finished-at="2024-02-12T15:15:02 IST" duration-ms="18" status="PASS">
          <reporter-output>
          </reporter-output>
        </test-method> <!-- setup -->
        <test-method is-config="true" signature="browserLaunch(java.lang.String,java.lang.String)[pri:0, instance:test.TC003_Positive_SignIn_Test@b2c9a9c]" started-at="2024-02-12T15:15:03 IST" name="browserLaunch" finished-at="2024-02-12T15:15:12 IST" duration-ms="8213" status="PASS">
          <params>
            <param index="0">
              <value>
                <![CDATA[chrome]]>
              </value>
            </param>
            <param index="1">
              <value>
                <![CDATA[http://qatask.mnengineers.com/]]>
              </value>
            </param>
          </params>
          <reporter-output>
          </reporter-output>
        </test-method> <!-- browserLaunch -->
        <test-method signature="SignInTest(java.lang.String,java.lang.String)[pri:0, instance:test.TC003_Positive_SignIn_Test@b2c9a9c]" started-at="2024-02-12T15:15:12 IST" name="SignInTest" data-provider="getData" finished-at="2024-02-12T15:15:14 IST" duration-ms="1866" status="PASS">
          <params>
            <param index="0">
              <value>
                <![CDATA[kavinroshan5@gmail.com]]>
              </value>
            </param>
            <param index="1">
              <value>
                <![CDATA[Roshan@12345]]>
              </value>
            </param>
          </params>
          <reporter-output>
          </reporter-output>
        </test-method> <!-- SignInTest -->
        <test-method is-config="true" signature="closeBrowser()[pri:0, instance:test.TC003_Positive_SignIn_Test@b2c9a9c]" started-at="2024-02-12T15:15:14 IST" name="closeBrowser" finished-at="2024-02-12T15:15:14 IST" duration-ms="0" status="PASS">
          <reporter-output>
          </reporter-output>
        </test-method> <!-- closeBrowser -->
      </class> <!-- test.TC003_Positive_SignIn_Test -->
    </test> <!-- Test -->
  </suite> <!-- Suite -->
</testng-results>
